<?xml version="1.0" encoding="utf-8"?>
<TestRun id="9777ec73-4204-4afb-ade3-7f098d0ecb1c" name="@Shivas-MacBook-Pro 2023-10-27 22:11:41" xmlns="http://microsoft.com/schemas/VisualStudio/TeamTest/2010">
  <Times creation="2023-10-27T22:11:41.3476730+05:30" queuing="2023-10-27T22:11:41.3476730+05:30" start="2023-10-27T22:11:40.1390170+05:30" finish="2023-10-27T22:11:41.3484430+05:30" />
  <TestSettings name="default" id="fe669afc-9dd9-4c7d-bf78-ddddcba3a9cc">
    <Deployment runDeploymentRoot="_Shivas-MacBook-Pro_2023-10-27_22_11_41" />
  </TestSettings>
  <TestLists>
    <TestList name="Results Not in a List" id="8c84fa94-04c1-424b-9868-57a2d4851a1d" />
    <TestList name="All Loaded Results" id="19431567-8539-422a-85d7-44ee4e166bda" />
  </TestLists>
  <ResultSummary outcome="Completed">
    <Counters total="0" executed="0" passed="0" failed="0" error="0" timeout="0" aborted="0" inconclusive="0" passedButRunAborted="0" notRunnable="0" notExecuted="0" disconnected="0" warning="0" completed="0" inProgress="0" pending="0" />
    <Output>
      <StdOut>NUnit Adapter 3.17.0.0: Test execution started
Running all tests in /Users/shiva/Documents/SpecflowDemoAndroid/bin/Debug/net7.0/SpecflowDemoAndroid.dll
   NUnit3TestExecutor discovered 1 of 1 NUnit test cases
   Skipping assembly - no matching test cases found
NUnit Adapter 3.17.0.0: Test execution complete
</StdOut>
    </Output>
    <RunInfos>
      <RunInfo computerName="Shivas-MacBook-Pro" outcome="Warning" timestamp="2023-10-27T22:11:41.2428080+05:30">
        <Text>No test matches the given testcase filter `TestCategory=Web` in /Users/shiva/Documents/SpecflowDemoAndroid/bin/Debug/net7.0/SpecflowDemoAndroid.dll</Text>
      </RunInfo>
    </RunInfos>
  </ResultSummary>
</TestRun>